<?xml version="1.0" encoding="UTF-8"?>
<!-- Generated by org.testng.reporters.JUnitXMLReporter -->
<testsuite hostname="BAN-PATILSUW10" ignored="2" name="OISAPI01" tests="5" failures="0" timestamp="31 Jan 2018 07:34:26 GMT" time="11.891" errors="0">
  <testcase name="validResponse01" time="4.666" classname="restAPITestCases01.PostValidateRevenueBundle"/>
  <testcase name="validResponse02" time="1.207" classname="restAPITestCases01.PostValidateRevenueBundle"/>
  <testcase name="validResponse03" time="1.072" classname="restAPITestCases01.PostValidateRevenueBundle"/>
  <testcase name="validateQueryParam" time="3.728" classname="restAPITestCases01.ReponseValidation"/>
  <testcase name="validateQueryParamforRevenue" time="1.121" classname="restAPITestCases01.ReponseValidation"/>
  <testcase name="@AfterSuite tearDown" time="0.0" classname="driver.ApiDriver">
    <ignored/>
  </testcase> <!-- @AfterSuite tearDown -->
  <testcase name="@BeforeSuite startUp" time="0.0" classname="driver.ApiDriver">
    <ignored/>
  </testcase> <!-- @BeforeSuite startUp -->
</testsuite> <!-- OISAPI01 -->
