<?xml version="1.0" encoding="UTF-8"?>
<!-- Generated by org.testng.reporters.JUnitXMLReporter -->
<testsuite hostname="BAN-PATILSUW10" ignored="0" name="OISAPI" tests="3" failures="0" timestamp="31 Jan 2018 06:19:02 GMT" time="6.405" errors="0">
  <testcase name="validResponse01" time="4.044" classname="restAPITestCases01.PostValidateRevenueBundle"/>
  <testcase name="validResponse02" time="1.22" classname="restAPITestCases01.PostValidateRevenueBundle"/>
  <testcase name="validResponse03" time="1.084" classname="restAPITestCases01.PostValidateRevenueBundle"/>
</testsuite> <!-- OISAPI -->
