<?xml version="1.0" encoding="UTF-8"?>
<!-- Generated by org.testng.reporters.JUnitXMLReporter -->
<testsuite hostname="BAN-PATILSUW10" ignored="5" name="PostValidateRevenueBundle01" tests="2" failures="0" timestamp="23 Feb 2018 04:41:30 GMT" time="3.228" errors="0">
  <testcase name="obl_getObligations02" time="2.114" classname="ois.testSuite.OISOblGetObligations"/>
  <testcase name="premObligationNotExistDummy" time="1.099" classname="ois.testSuite.OISDummy"/>
  <testcase name="@AfterSuite tearDown" time="0.0" classname="driver.ApiDriver">
    <ignored/>
  </testcase> <!-- @AfterSuite tearDown -->
  <testcase name="obl_getObligations01" time="0.0" classname="ois.testSuite.OISOblGetObligations">
    <ignored/>
  </testcase> <!-- obl_getObligations01 -->
  <testcase name="@AfterTest logForTestGroups" time="0.0" classname="driver.ApiDriver">
    <ignored/>
  </testcase> <!-- @AfterTest logForTestGroups -->
  <testcase name="@BeforeSuite startUp" time="0.0" classname="driver.ApiDriver">
    <ignored/>
  </testcase> <!-- @BeforeSuite startUp -->
  <testcase name="@BeforeTest logForTestGroupsBeforeExecution" time="0.0" classname="driver.ApiDriver">
    <ignored/>
  </testcase> <!-- @BeforeTest logForTestGroupsBeforeExecution -->
</testsuite> <!-- PostValidateRevenueBundle01 -->
