<?xml version="1.0" encoding="UTF-8"?>
<!-- Generated by org.testng.reporters.JUnitXMLReporter -->
<testsuite hostname="BAN-PATILSUW10" ignored="4" name="PostValidateRevenueBundle" tests="5" failures="0" timestamp="23 Feb 2018 04:41:26 GMT" time="11.518" errors="0">
  <testcase name="premObligationNotExist" time="6.934" classname="ois.testSuite.OISPostRevValidatePrem"/>
  <testcase name="premObligationNotExistnn" time="1.224" classname="ois.testSuite.OISPostRevValidatePrem"/>
  <testcase name="aamValueTypeMisMatch" time="1.081" classname="ois.testSuite.OISPostRevValidatePrem"/>
  <testcase name="labelStockAndPremType01" time="1.038" classname="ois.testSuite.OISPostRevValidatePrem"/>
  <testcase name="premObligationNotExistDummy" time="1.122" classname="ois.testSuite.OISDummy"/>
  <testcase name="@AfterSuite tearDown" time="0.0" classname="driver.ApiDriver">
    <ignored/>
  </testcase> <!-- @AfterSuite tearDown -->
  <testcase name="@AfterTest logForTestGroups" time="0.0" classname="driver.ApiDriver">
    <ignored/>
  </testcase> <!-- @AfterTest logForTestGroups -->
  <testcase name="@BeforeSuite startUp" time="0.0" classname="driver.ApiDriver">
    <ignored/>
  </testcase> <!-- @BeforeSuite startUp -->
  <testcase name="@BeforeTest logForTestGroupsBeforeExecution" time="0.0" classname="driver.ApiDriver">
    <ignored/>
  </testcase> <!-- @BeforeTest logForTestGroupsBeforeExecution -->
</testsuite> <!-- PostValidateRevenueBundle -->
