<?xml version="1.0" encoding="UTF-8"?>
<!-- Generated by org.testng.reporters.JUnitXMLReporter -->
<testsuite hostname="BAN-PATILSUW10" ignored="0" name="Test001" tests="3" failures="0" timestamp="31 Jan 2018 05:52:34 GMT" time="6.326" errors="0">
  <testcase name="validResponse01" time="3.873" classname="restAPITestCases01.PostValidateRevenueBundle"/>
  <testcase name="validResponse02" time="1.301" classname="restAPITestCases01.PostValidateRevenueBundle"/>
  <testcase name="validResponse03" time="1.096" classname="restAPITestCases01.PostValidateRevenueBundle"/>
</testsuite> <!-- Test001 -->
