<?xml version="1.0" encoding="UTF-8"?>
<!-- Generated by org.testng.reporters.JUnitXMLReporter -->
<testsuite hostname="BAN-PATILSUW10" ignored="0" name="Test" tests="3" failures="0" timestamp="31 Jan 2018 05:32:58 GMT" time="7.168" errors="0">
  <testcase name="validResponse01" time="4.801" classname="restAPITestCases01.PostValidateRevenueBundle"/>
  <testcase name="validResponse02" time="1.245" classname="restAPITestCases01.PostValidateRevenueBundle"/>
  <testcase name="validResponse03" time="1.049" classname="restAPITestCases01.PostValidateRevenueBundle"/>
</testsuite> <!-- Test -->
